Case #1: 0 2
Case #2: 1 0
Case #3: 3 2
Case #4: 1 1
Case #5: 4 1
Case #6: 2 2
Case #7: 3 3
Case #8: 5 6
Case #9: 2 10
Case #10: 0 44
Case #11: 9 35
Case #12: 8 28
Case #13: 84 5
Case #14: 2 11
Case #15: 21 0
Case #16: 6 8
Case #17: 13 0
Case #18: 0 11
Case #19: 6 9
Case #20: 4 2
Case #21: 4 5
Case #22: 7 5
Case #23: 50 50
Case #24: 40 35
Case #25: 27 31
Case #26: 24 26
Case #27: 15 29
Case #28: 10 32
Case #29: 14 19
Case #30: 10 26
Case #31: 5 25
Case #32: 8 26
Case #33: 8 26
Case #34: 9 27
Case #35: 9 28
Case #36: 6 33
Case #37: 7 34
Case #38: 5 35
Case #39: 4 37
Case #40: 3 38
Case #41: 6 41
Case #42: 4 42
Case #43: 12 33
Case #44: 5 41
Case #45: 9 38
Case #46: 8 39
Case #47: 5 42
Case #48: 6 41
Case #49: 4 45
Case #50: 6 46
Case #51: 4 50
Case #52: 9 54
Case #53: 11 55
Case #54: 7 53
Case #55: 10 58
Case #56: 7 60
Case #57: 9 66
Case #58: 9 64
Case #59: 8 74
Case #60: 13 72
Case #61: 8 82
Case #62: 16 75
Case #63: 50 49
Case #64: 25 25
Case #65: 21 17
Case #66: 21 10
Case #67: 16 10
Case #68: 15 9
Case #69: 16 7
Case #70: 11 10
Case #71: 12 6
Case #72: 12 8
Case #73: 9 8
Case #74: 9 7
Case #75: 11 8
Case #76: 9 7
Case #77: 8 10
Case #78: 8 7
Case #79: 9 6
Case #80: 10 4
Case #81: 9 7
Case #82: 7 6
Case #83: 2 1
Case #84: 2 1
Case #85: 2 1
Case #86: 1 2
Case #87: 2 1
Case #88: 2 1
Case #89: 3 2
Case #90: 3 2
Case #91: 1 2
Case #92: 1 2
Case #93: 2 1
Case #94: 4 1
Case #95: 3 1
Case #96: 1 2
Case #97: 4 2
Case #98: 2 2
Case #99: 2 2
Case #100: 10 9
