170793158
945421787
1
2
6
48
70
1404
3598
53888
509400
5987880
219842336
582718685
574584523
968619851
692576095
851548145
301383148
498320683
4030832
84500902
196725438
581677658
572641965
963929798
597801813
738258474
9596316
507314432
838869519
301837559
194279474
67583062
75370924
98783363
347328179
860378375
516947627
107737451
224465395
697568071
963856843
182672532
577073896
123251848
820831687
993317730
629406793
328404835
176625466
757987924
461907265
708188273
354133087
156649475
37974242
434079630
763939584
65762897
698636549
485939579
10299517
593723938
217304226
271792424
150357396
974816495
166341041
480476112
73880769
847898210
49098024
735355584
782203413
700699082
649917805
97266848
149157322
804991050
811876167
349354019
557919252
532685570
210582994
632836381
340952700
3651893
379528720
639845945
967963549
706314250
62662911
83268644
178791004
72345441
603048359
340650968
576661088
10946623
877104024
650099908
191853403
310027233
288031780
284712428
378708172
320176813
107195643
687050778
558787982
992779605
22999537
188751104
498130489
805845668
195110120
481343844
381794863
632947676
454584742
495156898
826857779
571838986
523416382
327242008
322772222
475935711
329159439
467160900
259242800
752659831
634226373
413779235
528761337
715493170
86461930
339558387
319424873
629112513
86161603
714186773
202636168
54799455
138476252
779969102
29316624
155672896
270893122
87711616
198155992
311561586
383332590
684090342
554272110
875280106
663289369
604385144
945588095
116493104
141219807
944403013
795347941
774636999
544294043
240602750
571679229
375620706
358161742
394595305
618811993
796233307
283398852
985566040
573194101
569942159
50413910
717846514
382690249
842224639
193624989
291476657
846936177
574178496
979986261
911544063
976917317
285259995
215769524
585712386
692302676
717610724
965255828
285450115
614811904
784169523
417248513
32559483
289450260
638591623
520242519
819437202
967314136
411442744
770584394
852257385
142110641
665991486
208559877
729796150
403785118
798041586
123962585
692419329
150531355
324014671
84710936
464465374
710889595
209068454
852528912
313052872
723916921
582998435
790425392
127845658
47333872
534485345
453636271
591299792
784879269
321154052
995222385
739679794
740980677
799952298
161423270
320453966
790770398
701423890
619825232
901943323
197289478
609586757
969489607
90754883
74236876
87228377
487548773
340264330
66348537
864255485
86841189
553846324
273269429
179041703
933508758
736226119
99926521
898614176
623824923
483990147
404126263
860370261
544460184
686849400
352634950
74220669
752655826
705040406
950271948
976987365
304790302
298934890
415956836
765677120
79232295
506181274
896843490
320335679
497929673
883095095
196152997
95682313
807315468
891512122
262214140
510359578
990002503
95424671
760746437
873205572
568436249
125641746
444626292
894782217
936231967
705946859
549604524
14585613
328614228
127091739
22460182
717936078
477856093
983837374
188668136
297062564
686748322
763016158
647949498
905286686
386628554
141671527
100879369
988576761
934014114
725808741
912976685
934030335
220510817
237024644
210253309
677962079
799816539
58782558
159793543
911631257
487505571
803278556
331517579
878787329
631708127
733719931
25644810
207158714
2168485
869220136
508713360
517600311
129901789
678611283
559684919
886952225
729513187
726828058
57403273
746012002
121926113
837830350
567840852
793293096
473214949
24406195
810095709
516506969
169426165
559938785
137376988
672487162
136568567
877321393
221858070
80851225
471121126
190495447
910794992
264650679
437494887
647138692
605106790
796210675
84392855
161320618
191498483
554670293
269371822
619268665
290943484
12596713
176574634
354956064
488253156
237608182
726270374
560873750
550953486
490655637
560766882
214580091
837637559
574802130
181525682
897472005
571163190
94312675
257971847
519177028
712517597
139009947
5434851
929680919
399780445
166424057
381795960
191110712
853956221
974311244
152836874
11239164
552944532
416293857
824102765
710970351
156890013
536928304
691024888
122982539
277120864
686270604
611452796
306022877
153318362
336324117
941781834
736891430
816756522
940889484
164701940
816058739
784031363
894899609
700284666
359157732
208059346
148452535
319473836
46561425
641325833
461341643
380302351
773132595
871385119
931779742
178677951
424801302
742184787
719886717
694964308
978302092
247264552
430858605
454932598
700820161
998907303
154114560
941042988
121672332
880375382
181372188
508776492
315467630
669354706
161860831
404505115
912995380
223984698
28343078
896789931
335168485
549431270
769763917
307730079
682639795
587425719
480124438
87965842
379694556
137884032
988122898
171579429
136153238
772781222
583380424
565897211
415774714
6257920
93023448
758492616
354522468
70782989
88348558
462295807
859203031
407617042
481144257
972813494
750355182
151957372
65863839
893969594
172218931
145664564
