2
3
6
20
4
10
50
20
175
980
5
15
105
35
490
4116
70
1764
24696
232848
6
21
196
56
1176
14112
126
5292
116424
1646568
252
19404
731808
16818516
267227532
7
28
336
84
2520
41580
210
13860
457380
9343620
462
60984
3737448
133613766
3184461423
924
226512
24293412
1447482465
55197331332
1478619421136
8
36
540
120
4950
108900
330
32670
1557270
44537922
792
169884
16195608
868489479
30107635272
1716
736164
131589315
12544848030
739309710568
29706808370096
3432
2760615
877262100
142174944340
13710834632352
872299918503728
39405996318420160
0
0
0
2878748873000
0
0
0
15632810622
0
0
587090790
4040190
666666
0
105
0
2650006359
0
0
1596
0
0
0
0
0
0
336
0
0
84
8
420552
11439497784
6568848
686
182
9996
183226608268704
0
0
0
0
0
0
0
0
0
388410
7
0
0
180180
5585235370
0
795609243
0
203
46718100
207560212860
0
531531
0
0
0
0
0
84
0
0
0
0
2906904
0
9494936282832
0
210
0
0
0
20
1150562985
226738512
0
1176
191664
0
73080
65
0
5292
538288024560
0
0
0
100
1061487141
0
125
7
6
0
12624865953365120
1499280130383360
660101695210048
10436201239791184
0
1745486410182060
2431406348242872
598333265758800
4908722439952240
14226649020498720
396509373111488
19702998159210080
11955998882988160
4549532359147360
1763070839820264
