in 4, 4
in 4, 4
in 4, 4
in 4, 3
in 4, 3
in 4, 3
in 4, 2
in 4, 2
in 4, 2
in 4, 1
in 4, 1
in 4, 1
in 4, 0
in 4, 0
in 4, 0
in 4, 0
in 3, 0
in 3, 1
in 3, 2
in 3, 3
in 3, 4
in 3, 4
in 3, 4
in 3, 4
in 2, 4
in 2, 4
in 2, 4
in 2, 3
in 2, 3
in 2, 3
in 2, 2
in 2, 2
in 2, 2
in 2, 1
in 2, 1
in 2, 1
in 2, 0
in 2, 0
in 2, 0
in 2, 0
in 1, 0
in 1, 1
in 1, 2
in 1, 3
in 1, 4
in 1, 4
in 1, 4
in 1, 4
in 0, 4
in 0, 4
in 0, 4
in 0, 3
in 0, 3
in 0, 3
in 0, 2
in 0, 2
in 0, 2
in 0, 1
in 0, 1
in 0, 1
in 0, 0
in 0, 1
in 0, 1
in 0, 1
in 0, 2
in 0, 2
in 0, 2
in 0, 3
in 0, 3
in 0, 3
in 0, 4
in 0, 4
in 0, 4
in 1, 4
in 1, 4
in 1, 3
in 1, 3
in 1, 3
in 1, 3
in 0, 3
in 1, 3
in 1, 3
in 1, 2
in 1, 2
in 1, 2
in 1, 2
in 0, 2
in 1, 2
in 1, 2
in 1, 1
in 1, 1
in 1, 1
in 1, 1
in 0, 1
in 1, 1
in 1, 1
in 1, 0
in 1, 0
in 1, 0
in 1, 0
in 0, 0
in 1, 0
in 1, 0
in 2, 0
in 2, 0
in 2, 1
in 2, 1
in 1, 1
in 2, 1
in 2, 1
in 2, 2
in 2, 2
in 1, 2
in 2, 2
in 2, 2
in 2, 3
in 2, 3
in 1, 3
in 2, 3
in 2, 3
in 2, 4
in 2, 4
in 1, 4
in 2, 4
in 2, 4
in 3, 4
in 3, 4
in 3, 3
in 3, 3
in 3, 3
in 3, 3
in 2, 3
in 3, 3
in 3, 3
in 3, 2
in 3, 2
in 3, 2
in 3, 2
in 2, 2
in 3, 2
in 3, 2
in 3, 1
in 3, 1
in 3, 1
in 3, 1
in 2, 1
in 3, 1
in 3, 1
in 3, 0
in 3, 0
in 3, 0
in 3, 0
in 2, 0
in 3, 0
in 3, 0
in 4, 0
in 4, 0
in 4, 1
in 4, 1
in 3, 1
in 4, 1
in 4, 1
in 4, 2
in 4, 2
in 3, 2
in 4, 2
in 4, 2
in 4, 3
in 4, 3
in 3, 3
in 4, 3
in 4, 3
in 4, 4
in 4, 4
in 3, 4
in 4, 4
in 4, 4
f:
    0    0    1    0    0
    0    0    1    0    0
    1    1    1    0    0
    1    1    0    1    0
    2    2    1    1    0
0
in 4, 4
in 4, 4
in 4, 4
in 4, 3
in 4, 3
in 4, 3
in 4, 2
in 4, 2
in 4, 2
in 4, 1
in 4, 1
in 4, 1
in 4, 0
in 4, 0
in 4, 0
in 4, 0
in 3, 0
in 3, 1
in 3, 2
in 3, 3
in 3, 4
in 3, 4
in 3, 4
in 3, 4
in 2, 4
in 2, 4
in 2, 4
in 2, 3
in 2, 3
in 2, 3
in 2, 2
in 2, 2
in 2, 2
in 2, 1
in 2, 1
in 2, 1
in 2, 0
in 2, 0
in 2, 0
in 2, 0
in 1, 0
in 1, 1
in 1, 2
in 1, 3
in 1, 4
in 1, 4
in 1, 4
in 1, 4
in 0, 4
in 0, 4
in 0, 4
in 0, 3
in 0, 3
in 0, 3
in 0, 2
in 0, 2
in 0, 2
in 0, 1
in 0, 1
in 0, 1
in 0, 0
in 0, 1
in 0, 1
in 0, 1
in 0, 2
in 0, 2
in 0, 2
in 0, 3
in 0, 3
in 0, 3
in 0, 4
in 0, 4
in 0, 4
in 1, 4
in 1, 4
in 1, 3
in 1, 3
in 1, 3
in 1, 3
in 0, 3
in 1, 3
in 1, 3
in 1, 2
in 1, 2
in 1, 2
in 1, 2
in 0, 2
in 1, 2
in 1, 2
in 1, 1
in 1, 1
in 1, 1
in 1, 1
in 0, 1
in 1, 1
in 1, 1
in 1, 0
in 1, 0
in 1, 0
in 1, 0
in 0, 0
in 1, 0
in 1, 0
in 2, 0
in 2, 0
in 2, 1
in 2, 1
in 1, 1
in 2, 1
in 2, 1
in 2, 2
in 2, 2
in 1, 2
in 2, 2
in 2, 2
in 2, 3
in 2, 3
in 1, 3
in 2, 3
in 2, 3
in 2, 4
in 2, 4
in 1, 4
in 2, 4
in 2, 4
in 3, 4
in 3, 4
in 3, 3
in 3, 3
in 3, 3
in 3, 3
in 2, 3
in 3, 3
in 3, 3
in 3, 2
in 3, 2
in 3, 2
in 3, 2
in 2, 2
in 3, 2
in 3, 2
in 3, 1
in 3, 1
in 3, 1
in 3, 1
in 2, 1
in 3, 1
in 3, 1
in 3, 0
in 3, 0
in 3, 0
in 3, 0
in 2, 0
in 3, 0
in 3, 0
in 4, 0
in 4, 0
in 4, 1
in 4, 1
in 3, 1
in 4, 1
in 4, 1
in 4, 2
in 4, 2
in 3, 2
in 4, 2
in 4, 2
in 4, 3
in 4, 3
in 3, 3
in 4, 3
in 4, 3
in 4, 4
in 4, 4
in 3, 4
in 4, 4
in 4, 4
f:
    0    1    1    0    0
    0    2    1    0    0
    1    1    2    1    1
    1    1    2    0    0
    1    1    2    0    0
0
